[2024-09-26 14:46:41] local.ERROR: SQLSTATE[42P01]: Undefined table: 7 ERROR:  relation "categories" does not exist (Connection: pgsql, SQL: alter table "courses" add constraint "courses_category_id_foreign" foreign key ("category_id") references "categories" ("id_category") on delete cascade) {"exception":"[object] (Illuminate\\Database\\QueryException(code: 42P01): SQLSTATE[42P01]: Undefined table: 7 ERROR:  relation \"categories\" does not exist (Connection: pgsql, SQL: alter table \"courses\" add constraint \"courses_category_id_foreign\" foreign key (\"category_id\") references \"categories\" (\"id_category\") on delete cascade) at /home/fabrica/Documents/app_complementariaBack/vendor/laravel/framework/src/Illuminate/Database/Connection.php:825)
[stacktrace]
#0 /home/fabrica/Documents/app_complementariaBack/vendor/laravel/framework/src/Illuminate/Database/Connection.php(779): Illuminate\\Database\\Connection->runQueryCallback()
#1 /home/fabrica/Documents/app_complementariaBack/vendor/laravel/framework/src/Illuminate/Database/Connection.php(560): Illuminate\\Database\\Connection->run()
#2 /home/fabrica/Documents/app_complementariaBack/vendor/laravel/framework/src/Illuminate/Database/Schema/Blueprint.php(117): Illuminate\\Database\\Connection->statement()
#3 /home/fabrica/Documents/app_complementariaBack/vendor/laravel/framework/src/Illuminate/Database/Schema/Builder.php(565): Illuminate\\Database\\Schema\\Blueprint->build()
#4 /home/fabrica/Documents/app_complementariaBack/vendor/laravel/framework/src/Illuminate/Database/Schema/Builder.php(419): Illuminate\\Database\\Schema\\Builder->build()
#5 /home/fabrica/Documents/app_complementariaBack/vendor/laravel/framework/src/Illuminate/Support/Facades/Facade.php(357): Illuminate\\Database\\Schema\\Builder->create()
#6 /home/fabrica/Documents/app_complementariaBack/database/migrations/2024_07_23_144029_courses.php(15): Illuminate\\Support\\Facades\\Facade::__callStatic()
#7 /home/fabrica/Documents/app_complementariaBack/vendor/laravel/framework/src/Illuminate/Database/Migrations/Migrator.php(475): Illuminate\\Database\\Migrations\\Migration@anonymous->up()
#8 /home/fabrica/Documents/app_complementariaBack/vendor/laravel/framework/src/Illuminate/Database/Migrations/Migrator.php(400): Illuminate\\Database\\Migrations\\Migrator->runMethod()
#9 /home/fabrica/Documents/app_complementariaBack/vendor/laravel/framework/src/Illuminate/Database/Concerns/ManagesTransactions.php(30): Illuminate\\Database\\Migrations\\Migrator->Illuminate\\Database\\Migrations\\{closure}()
#10 /home/fabrica/Documents/app_complementariaBack/vendor/laravel/framework/src/Illuminate/Database/Migrations/Migrator.php(408): Illuminate\\Database\\Connection->transaction()
#11 /home/fabrica/Documents/app_complementariaBack/vendor/laravel/framework/src/Illuminate/Database/Migrations/Migrator.php(212): Illuminate\\Database\\Migrations\\Migrator->runMigration()
#12 /home/fabrica/Documents/app_complementariaBack/vendor/laravel/framework/src/Illuminate/Console/View/Components/Task.php(40): Illuminate\\Database\\Migrations\\Migrator->Illuminate\\Database\\Migrations\\{closure}()
#13 /home/fabrica/Documents/app_complementariaBack/vendor/laravel/framework/src/Illuminate/Database/Migrations/Migrator.php(736): Illuminate\\Console\\View\\Components\\Task->render()
#14 /home/fabrica/Documents/app_complementariaBack/vendor/laravel/framework/src/Illuminate/Database/Migrations/Migrator.php(212): Illuminate\\Database\\Migrations\\Migrator->write()
#15 /home/fabrica/Documents/app_complementariaBack/vendor/laravel/framework/src/Illuminate/Database/Migrations/Migrator.php(179): Illuminate\\Database\\Migrations\\Migrator->runUp()
#16 /home/fabrica/Documents/app_complementariaBack/vendor/laravel/framework/src/Illuminate/Database/Migrations/Migrator.php(122): Illuminate\\Database\\Migrations\\Migrator->runPending()
#17 /home/fabrica/Documents/app_complementariaBack/vendor/laravel/framework/src/Illuminate/Database/Console/Migrations/MigrateCommand.php(116): Illuminate\\Database\\Migrations\\Migrator->run()
#18 /home/fabrica/Documents/app_complementariaBack/vendor/laravel/framework/src/Illuminate/Database/Migrations/Migrator.php(615): Illuminate\\Database\\Console\\Migrations\\MigrateCommand->Illuminate\\Database\\Console\\Migrations\\{closure}()
#19 /home/fabrica/Documents/app_complementariaBack/vendor/laravel/framework/src/Illuminate/Database/Console/Migrations/MigrateCommand.php(109): Illuminate\\Database\\Migrations\\Migrator->usingConnection()
#20 /home/fabrica/Documents/app_complementariaBack/vendor/laravel/framework/src/Illuminate/Database/Console/Migrations/MigrateCommand.php(88): Illuminate\\Database\\Console\\Migrations\\MigrateCommand->runMigrations()
#21 /home/fabrica/Documents/app_complementariaBack/vendor/laravel/framework/src/Illuminate/Container/BoundMethod.php(36): Illuminate\\Database\\Console\\Migrations\\MigrateCommand->handle()
#22 /home/fabrica/Documents/app_complementariaBack/vendor/laravel/framework/src/Illuminate/Container/Util.php(41): Illuminate\\Container\\BoundMethod::Illuminate\\Container\\{closure}()
#23 /home/fabrica/Documents/app_complementariaBack/vendor/laravel/framework/src/Illuminate/Container/BoundMethod.php(93): Illuminate\\Container\\Util::unwrapIfClosure()
#24 /home/fabrica/Documents/app_complementariaBack/vendor/laravel/framework/src/Illuminate/Container/BoundMethod.php(35): Illuminate\\Container\\BoundMethod::callBoundMethod()
#25 /home/fabrica/Documents/app_complementariaBack/vendor/laravel/framework/src/Illuminate/Container/Container.php(690): Illuminate\\Container\\BoundMethod::call()
#26 /home/fabrica/Documents/app_complementariaBack/vendor/laravel/framework/src/Illuminate/Console/Command.php(213): Illuminate\\Container\\Container->call()
#27 /home/fabrica/Documents/app_complementariaBack/vendor/symfony/console/Command/Command.php(279): Illuminate\\Console\\Command->execute()
#28 /home/fabrica/Documents/app_complementariaBack/vendor/laravel/framework/src/Illuminate/Console/Command.php(182): Symfony\\Component\\Console\\Command\\Command->run()
#29 /home/fabrica/Documents/app_complementariaBack/vendor/laravel/framework/src/Illuminate/Console/Concerns/CallsCommands.php(67): Illuminate\\Console\\Command->run()
#30 /home/fabrica/Documents/app_complementariaBack/vendor/laravel/framework/src/Illuminate/Console/Concerns/CallsCommands.php(28): Illuminate\\Console\\Command->runCommand()
#31 /home/fabrica/Documents/app_complementariaBack/vendor/laravel/framework/src/Illuminate/Database/Console/Migrations/FreshCommand.php(82): Illuminate\\Console\\Command->call()
#32 /home/fabrica/Documents/app_complementariaBack/vendor/laravel/framework/src/Illuminate/Container/BoundMethod.php(36): Illuminate\\Database\\Console\\Migrations\\FreshCommand->handle()
#33 /home/fabrica/Documents/app_complementariaBack/vendor/laravel/framework/src/Illuminate/Container/Util.php(41): Illuminate\\Container\\BoundMethod::Illuminate\\Container\\{closure}()
#34 /home/fabrica/Documents/app_complementariaBack/vendor/laravel/framework/src/Illuminate/Container/BoundMethod.php(93): Illuminate\\Container\\Util::unwrapIfClosure()
#35 /home/fabrica/Documents/app_complementariaBack/vendor/laravel/framework/src/Illuminate/Container/BoundMethod.php(35): Illuminate\\Container\\BoundMethod::callBoundMethod()
#36 /home/fabrica/Documents/app_complementariaBack/vendor/laravel/framework/src/Illuminate/Container/Container.php(690): Illuminate\\Container\\BoundMethod::call()
#37 /home/fabrica/Documents/app_complementariaBack/vendor/laravel/framework/src/Illuminate/Console/Command.php(213): Illuminate\\Container\\Container->call()
#38 /home/fabrica/Documents/app_complementariaBack/vendor/symfony/console/Command/Command.php(279): Illuminate\\Console\\Command->execute()
#39 /home/fabrica/Documents/app_complementariaBack/vendor/laravel/framework/src/Illuminate/Console/Command.php(182): Symfony\\Component\\Console\\Command\\Command->run()
#40 /home/fabrica/Documents/app_complementariaBack/vendor/symfony/console/Application.php(1047): Illuminate\\Console\\Command->run()
#41 /home/fabrica/Documents/app_complementariaBack/vendor/symfony/console/Application.php(316): Symfony\\Component\\Console\\Application->doRunCommand()
#42 /home/fabrica/Documents/app_complementariaBack/vendor/symfony/console/Application.php(167): Symfony\\Component\\Console\\Application->doRun()
#43 /home/fabrica/Documents/app_complementariaBack/vendor/laravel/framework/src/Illuminate/Foundation/Console/Kernel.php(197): Symfony\\Component\\Console\\Application->run()
#44 /home/fabrica/Documents/app_complementariaBack/vendor/laravel/framework/src/Illuminate/Foundation/Application.php(1203): Illuminate\\Foundation\\Console\\Kernel->handle()
#45 /home/fabrica/Documents/app_complementariaBack/artisan(13): Illuminate\\Foundation\\Application->handleCommand()
#46 {main}

[previous exception] [object] (PDOException(code: 42P01): SQLSTATE[42P01]: Undefined table: 7 ERROR:  relation \"categories\" does not exist at /home/fabrica/Documents/app_complementariaBack/vendor/laravel/framework/src/Illuminate/Database/Connection.php:571)
[stacktrace]
#0 /home/fabrica/Documents/app_complementariaBack/vendor/laravel/framework/src/Illuminate/Database/Connection.php(571): PDOStatement->execute()
#1 /home/fabrica/Documents/app_complementariaBack/vendor/laravel/framework/src/Illuminate/Database/Connection.php(812): Illuminate\\Database\\Connection->Illuminate\\Database\\{closure}()
#2 /home/fabrica/Documents/app_complementariaBack/vendor/laravel/framework/src/Illuminate/Database/Connection.php(779): Illuminate\\Database\\Connection->runQueryCallback()
#3 /home/fabrica/Documents/app_complementariaBack/vendor/laravel/framework/src/Illuminate/Database/Connection.php(560): Illuminate\\Database\\Connection->run()
#4 /home/fabrica/Documents/app_complementariaBack/vendor/laravel/framework/src/Illuminate/Database/Schema/Blueprint.php(117): Illuminate\\Database\\Connection->statement()
#5 /home/fabrica/Documents/app_complementariaBack/vendor/laravel/framework/src/Illuminate/Database/Schema/Builder.php(565): Illuminate\\Database\\Schema\\Blueprint->build()
#6 /home/fabrica/Documents/app_complementariaBack/vendor/laravel/framework/src/Illuminate/Database/Schema/Builder.php(419): Illuminate\\Database\\Schema\\Builder->build()
#7 /home/fabrica/Documents/app_complementariaBack/vendor/laravel/framework/src/Illuminate/Support/Facades/Facade.php(357): Illuminate\\Database\\Schema\\Builder->create()
#8 /home/fabrica/Documents/app_complementariaBack/database/migrations/2024_07_23_144029_courses.php(15): Illuminate\\Support\\Facades\\Facade::__callStatic()
#9 /home/fabrica/Documents/app_complementariaBack/vendor/laravel/framework/src/Illuminate/Database/Migrations/Migrator.php(475): Illuminate\\Database\\Migrations\\Migration@anonymous->up()
#10 /home/fabrica/Documents/app_complementariaBack/vendor/laravel/framework/src/Illuminate/Database/Migrations/Migrator.php(400): Illuminate\\Database\\Migrations\\Migrator->runMethod()
#11 /home/fabrica/Documents/app_complementariaBack/vendor/laravel/framework/src/Illuminate/Database/Concerns/ManagesTransactions.php(30): Illuminate\\Database\\Migrations\\Migrator->Illuminate\\Database\\Migrations\\{closure}()
#12 /home/fabrica/Documents/app_complementariaBack/vendor/laravel/framework/src/Illuminate/Database/Migrations/Migrator.php(408): Illuminate\\Database\\Connection->transaction()
#13 /home/fabrica/Documents/app_complementariaBack/vendor/laravel/framework/src/Illuminate/Database/Migrations/Migrator.php(212): Illuminate\\Database\\Migrations\\Migrator->runMigration()
#14 /home/fabrica/Documents/app_complementariaBack/vendor/laravel/framework/src/Illuminate/Console/View/Components/Task.php(40): Illuminate\\Database\\Migrations\\Migrator->Illuminate\\Database\\Migrations\\{closure}()
#15 /home/fabrica/Documents/app_complementariaBack/vendor/laravel/framework/src/Illuminate/Database/Migrations/Migrator.php(736): Illuminate\\Console\\View\\Components\\Task->render()
#16 /home/fabrica/Documents/app_complementariaBack/vendor/laravel/framework/src/Illuminate/Database/Migrations/Migrator.php(212): Illuminate\\Database\\Migrations\\Migrator->write()
#17 /home/fabrica/Documents/app_complementariaBack/vendor/laravel/framework/src/Illuminate/Database/Migrations/Migrator.php(179): Illuminate\\Database\\Migrations\\Migrator->runUp()
#18 /home/fabrica/Documents/app_complementariaBack/vendor/laravel/framework/src/Illuminate/Database/Migrations/Migrator.php(122): Illuminate\\Database\\Migrations\\Migrator->runPending()
#19 /home/fabrica/Documents/app_complementariaBack/vendor/laravel/framework/src/Illuminate/Database/Console/Migrations/MigrateCommand.php(116): Illuminate\\Database\\Migrations\\Migrator->run()
#20 /home/fabrica/Documents/app_complementariaBack/vendor/laravel/framework/src/Illuminate/Database/Migrations/Migrator.php(615): Illuminate\\Database\\Console\\Migrations\\MigrateCommand->Illuminate\\Database\\Console\\Migrations\\{closure}()
#21 /home/fabrica/Documents/app_complementariaBack/vendor/laravel/framework/src/Illuminate/Database/Console/Migrations/MigrateCommand.php(109): Illuminate\\Database\\Migrations\\Migrator->usingConnection()
#22 /home/fabrica/Documents/app_complementariaBack/vendor/laravel/framework/src/Illuminate/Database/Console/Migrations/MigrateCommand.php(88): Illuminate\\Database\\Console\\Migrations\\MigrateCommand->runMigrations()
#23 /home/fabrica/Documents/app_complementariaBack/vendor/laravel/framework/src/Illuminate/Container/BoundMethod.php(36): Illuminate\\Database\\Console\\Migrations\\MigrateCommand->handle()
#24 /home/fabrica/Documents/app_complementariaBack/vendor/laravel/framework/src/Illuminate/Container/Util.php(41): Illuminate\\Container\\BoundMethod::Illuminate\\Container\\{closure}()
#25 /home/fabrica/Documents/app_complementariaBack/vendor/laravel/framework/src/Illuminate/Container/BoundMethod.php(93): Illuminate\\Container\\Util::unwrapIfClosure()
#26 /home/fabrica/Documents/app_complementariaBack/vendor/laravel/framework/src/Illuminate/Container/BoundMethod.php(35): Illuminate\\Container\\BoundMethod::callBoundMethod()
#27 /home/fabrica/Documents/app_complementariaBack/vendor/laravel/framework/src/Illuminate/Container/Container.php(690): Illuminate\\Container\\BoundMethod::call()
#28 /home/fabrica/Documents/app_complementariaBack/vendor/laravel/framework/src/Illuminate/Console/Command.php(213): Illuminate\\Container\\Container->call()
#29 /home/fabrica/Documents/app_complementariaBack/vendor/symfony/console/Command/Command.php(279): Illuminate\\Console\\Command->execute()
#30 /home/fabrica/Documents/app_complementariaBack/vendor/laravel/framework/src/Illuminate/Console/Command.php(182): Symfony\\Component\\Console\\Command\\Command->run()
#31 /home/fabrica/Documents/app_complementariaBack/vendor/laravel/framework/src/Illuminate/Console/Concerns/CallsCommands.php(67): Illuminate\\Console\\Command->run()
#32 /home/fabrica/Documents/app_complementariaBack/vendor/laravel/framework/src/Illuminate/Console/Concerns/CallsCommands.php(28): Illuminate\\Console\\Command->runCommand()
#33 /home/fabrica/Documents/app_complementariaBack/vendor/laravel/framework/src/Illuminate/Database/Console/Migrations/FreshCommand.php(82): Illuminate\\Console\\Command->call()
#34 /home/fabrica/Documents/app_complementariaBack/vendor/laravel/framework/src/Illuminate/Container/BoundMethod.php(36): Illuminate\\Database\\Console\\Migrations\\FreshCommand->handle()
#35 /home/fabrica/Documents/app_complementariaBack/vendor/laravel/framework/src/Illuminate/Container/Util.php(41): Illuminate\\Container\\BoundMethod::Illuminate\\Container\\{closure}()
#36 /home/fabrica/Documents/app_complementariaBack/vendor/laravel/framework/src/Illuminate/Container/BoundMethod.php(93): Illuminate\\Container\\Util::unwrapIfClosure()
#37 /home/fabrica/Documents/app_complementariaBack/vendor/laravel/framework/src/Illuminate/Container/BoundMethod.php(35): Illuminate\\Container\\BoundMethod::callBoundMethod()
#38 /home/fabrica/Documents/app_complementariaBack/vendor/laravel/framework/src/Illuminate/Container/Container.php(690): Illuminate\\Container\\BoundMethod::call()
#39 /home/fabrica/Documents/app_complementariaBack/vendor/laravel/framework/src/Illuminate/Console/Command.php(213): Illuminate\\Container\\Container->call()
#40 /home/fabrica/Documents/app_complementariaBack/vendor/symfony/console/Command/Command.php(279): Illuminate\\Console\\Command->execute()
#41 /home/fabrica/Documents/app_complementariaBack/vendor/laravel/framework/src/Illuminate/Console/Command.php(182): Symfony\\Component\\Console\\Command\\Command->run()
#42 /home/fabrica/Documents/app_complementariaBack/vendor/symfony/console/Application.php(1047): Illuminate\\Console\\Command->run()
#43 /home/fabrica/Documents/app_complementariaBack/vendor/symfony/console/Application.php(316): Symfony\\Component\\Console\\Application->doRunCommand()
#44 /home/fabrica/Documents/app_complementariaBack/vendor/symfony/console/Application.php(167): Symfony\\Component\\Console\\Application->doRun()
#45 /home/fabrica/Documents/app_complementariaBack/vendor/laravel/framework/src/Illuminate/Foundation/Console/Kernel.php(197): Symfony\\Component\\Console\\Application->run()
#46 /home/fabrica/Documents/app_complementariaBack/vendor/laravel/framework/src/Illuminate/Foundation/Application.php(1203): Illuminate\\Foundation\\Console\\Kernel->handle()
#47 /home/fabrica/Documents/app_complementariaBack/artisan(13): Illuminate\\Foundation\\Application->handleCommand()
#48 {main}
"} 
[2024-09-26 19:18:31] local.ERROR: SQLSTATE[42P01]: Undefined table: 7 ERROR:  relation "categories" does not exist (Connection: pgsql, SQL: alter table "courses" add constraint "courses_category_id_foreign" foreign key ("category_id") references "categories" ("id_category") on delete cascade) {"exception":"[object] (Illuminate\\Database\\QueryException(code: 42P01): SQLSTATE[42P01]: Undefined table: 7 ERROR:  relation \"categories\" does not exist (Connection: pgsql, SQL: alter table \"courses\" add constraint \"courses_category_id_foreign\" foreign key (\"category_id\") references \"categories\" (\"id_category\") on delete cascade) at /home/fabrica/Documents/app_complementariaBack/vendor/laravel/framework/src/Illuminate/Database/Connection.php:825)
[stacktrace]
#0 /home/fabrica/Documents/app_complementariaBack/vendor/laravel/framework/src/Illuminate/Database/Connection.php(779): Illuminate\\Database\\Connection->runQueryCallback()
#1 /home/fabrica/Documents/app_complementariaBack/vendor/laravel/framework/src/Illuminate/Database/Connection.php(560): Illuminate\\Database\\Connection->run()
#2 /home/fabrica/Documents/app_complementariaBack/vendor/laravel/framework/src/Illuminate/Database/Schema/Blueprint.php(117): Illuminate\\Database\\Connection->statement()
#3 /home/fabrica/Documents/app_complementariaBack/vendor/laravel/framework/src/Illuminate/Database/Schema/Builder.php(565): Illuminate\\Database\\Schema\\Blueprint->build()
#4 /home/fabrica/Documents/app_complementariaBack/vendor/laravel/framework/src/Illuminate/Database/Schema/Builder.php(419): Illuminate\\Database\\Schema\\Builder->build()
#5 /home/fabrica/Documents/app_complementariaBack/vendor/laravel/framework/src/Illuminate/Support/Facades/Facade.php(357): Illuminate\\Database\\Schema\\Builder->create()
#6 /home/fabrica/Documents/app_complementariaBack/database/migrations/2024_07_23_144029_courses.php(15): Illuminate\\Support\\Facades\\Facade::__callStatic()
#7 /home/fabrica/Documents/app_complementariaBack/vendor/laravel/framework/src/Illuminate/Database/Migrations/Migrator.php(475): Illuminate\\Database\\Migrations\\Migration@anonymous->up()
#8 /home/fabrica/Documents/app_complementariaBack/vendor/laravel/framework/src/Illuminate/Database/Migrations/Migrator.php(400): Illuminate\\Database\\Migrations\\Migrator->runMethod()
#9 /home/fabrica/Documents/app_complementariaBack/vendor/laravel/framework/src/Illuminate/Database/Concerns/ManagesTransactions.php(30): Illuminate\\Database\\Migrations\\Migrator->Illuminate\\Database\\Migrations\\{closure}()
#10 /home/fabrica/Documents/app_complementariaBack/vendor/laravel/framework/src/Illuminate/Database/Migrations/Migrator.php(408): Illuminate\\Database\\Connection->transaction()
#11 /home/fabrica/Documents/app_complementariaBack/vendor/laravel/framework/src/Illuminate/Database/Migrations/Migrator.php(212): Illuminate\\Database\\Migrations\\Migrator->runMigration()
#12 /home/fabrica/Documents/app_complementariaBack/vendor/laravel/framework/src/Illuminate/Console/View/Components/Task.php(40): Illuminate\\Database\\Migrations\\Migrator->Illuminate\\Database\\Migrations\\{closure}()
#13 /home/fabrica/Documents/app_complementariaBack/vendor/laravel/framework/src/Illuminate/Database/Migrations/Migrator.php(736): Illuminate\\Console\\View\\Components\\Task->render()
#14 /home/fabrica/Documents/app_complementariaBack/vendor/laravel/framework/src/Illuminate/Database/Migrations/Migrator.php(212): Illuminate\\Database\\Migrations\\Migrator->write()
#15 /home/fabrica/Documents/app_complementariaBack/vendor/laravel/framework/src/Illuminate/Database/Migrations/Migrator.php(179): Illuminate\\Database\\Migrations\\Migrator->runUp()
#16 /home/fabrica/Documents/app_complementariaBack/vendor/laravel/framework/src/Illuminate/Database/Migrations/Migrator.php(122): Illuminate\\Database\\Migrations\\Migrator->runPending()
#17 /home/fabrica/Documents/app_complementariaBack/vendor/laravel/framework/src/Illuminate/Database/Console/Migrations/MigrateCommand.php(116): Illuminate\\Database\\Migrations\\Migrator->run()
#18 /home/fabrica/Documents/app_complementariaBack/vendor/laravel/framework/src/Illuminate/Database/Migrations/Migrator.php(615): Illuminate\\Database\\Console\\Migrations\\MigrateCommand->Illuminate\\Database\\Console\\Migrations\\{closure}()
#19 /home/fabrica/Documents/app_complementariaBack/vendor/laravel/framework/src/Illuminate/Database/Console/Migrations/MigrateCommand.php(109): Illuminate\\Database\\Migrations\\Migrator->usingConnection()
#20 /home/fabrica/Documents/app_complementariaBack/vendor/laravel/framework/src/Illuminate/Database/Console/Migrations/MigrateCommand.php(88): Illuminate\\Database\\Console\\Migrations\\MigrateCommand->runMigrations()
#21 /home/fabrica/Documents/app_complementariaBack/vendor/laravel/framework/src/Illuminate/Container/BoundMethod.php(36): Illuminate\\Database\\Console\\Migrations\\MigrateCommand->handle()
#22 /home/fabrica/Documents/app_complementariaBack/vendor/laravel/framework/src/Illuminate/Container/Util.php(41): Illuminate\\Container\\BoundMethod::Illuminate\\Container\\{closure}()
#23 /home/fabrica/Documents/app_complementariaBack/vendor/laravel/framework/src/Illuminate/Container/BoundMethod.php(93): Illuminate\\Container\\Util::unwrapIfClosure()
#24 /home/fabrica/Documents/app_complementariaBack/vendor/laravel/framework/src/Illuminate/Container/BoundMethod.php(35): Illuminate\\Container\\BoundMethod::callBoundMethod()
#25 /home/fabrica/Documents/app_complementariaBack/vendor/laravel/framework/src/Illuminate/Container/Container.php(690): Illuminate\\Container\\BoundMethod::call()
#26 /home/fabrica/Documents/app_complementariaBack/vendor/laravel/framework/src/Illuminate/Console/Command.php(213): Illuminate\\Container\\Container->call()
#27 /home/fabrica/Documents/app_complementariaBack/vendor/symfony/console/Command/Command.php(279): Illuminate\\Console\\Command->execute()
#28 /home/fabrica/Documents/app_complementariaBack/vendor/laravel/framework/src/Illuminate/Console/Command.php(182): Symfony\\Component\\Console\\Command\\Command->run()
#29 /home/fabrica/Documents/app_complementariaBack/vendor/laravel/framework/src/Illuminate/Console/Concerns/CallsCommands.php(67): Illuminate\\Console\\Command->run()
#30 /home/fabrica/Documents/app_complementariaBack/vendor/laravel/framework/src/Illuminate/Console/Concerns/CallsCommands.php(28): Illuminate\\Console\\Command->runCommand()
#31 /home/fabrica/Documents/app_complementariaBack/vendor/laravel/framework/src/Illuminate/Database/Console/Migrations/FreshCommand.php(82): Illuminate\\Console\\Command->call()
#32 /home/fabrica/Documents/app_complementariaBack/vendor/laravel/framework/src/Illuminate/Container/BoundMethod.php(36): Illuminate\\Database\\Console\\Migrations\\FreshCommand->handle()
#33 /home/fabrica/Documents/app_complementariaBack/vendor/laravel/framework/src/Illuminate/Container/Util.php(41): Illuminate\\Container\\BoundMethod::Illuminate\\Container\\{closure}()
#34 /home/fabrica/Documents/app_complementariaBack/vendor/laravel/framework/src/Illuminate/Container/BoundMethod.php(93): Illuminate\\Container\\Util::unwrapIfClosure()
#35 /home/fabrica/Documents/app_complementariaBack/vendor/laravel/framework/src/Illuminate/Container/BoundMethod.php(35): Illuminate\\Container\\BoundMethod::callBoundMethod()
#36 /home/fabrica/Documents/app_complementariaBack/vendor/laravel/framework/src/Illuminate/Container/Container.php(690): Illuminate\\Container\\BoundMethod::call()
#37 /home/fabrica/Documents/app_complementariaBack/vendor/laravel/framework/src/Illuminate/Console/Command.php(213): Illuminate\\Container\\Container->call()
#38 /home/fabrica/Documents/app_complementariaBack/vendor/symfony/console/Command/Command.php(279): Illuminate\\Console\\Command->execute()
#39 /home/fabrica/Documents/app_complementariaBack/vendor/laravel/framework/src/Illuminate/Console/Command.php(182): Symfony\\Component\\Console\\Command\\Command->run()
#40 /home/fabrica/Documents/app_complementariaBack/vendor/symfony/console/Application.php(1047): Illuminate\\Console\\Command->run()
#41 /home/fabrica/Documents/app_complementariaBack/vendor/symfony/console/Application.php(316): Symfony\\Component\\Console\\Application->doRunCommand()
#42 /home/fabrica/Documents/app_complementariaBack/vendor/symfony/console/Application.php(167): Symfony\\Component\\Console\\Application->doRun()
#43 /home/fabrica/Documents/app_complementariaBack/vendor/laravel/framework/src/Illuminate/Foundation/Console/Kernel.php(197): Symfony\\Component\\Console\\Application->run()
#44 /home/fabrica/Documents/app_complementariaBack/vendor/laravel/framework/src/Illuminate/Foundation/Application.php(1203): Illuminate\\Foundation\\Console\\Kernel->handle()
#45 /home/fabrica/Documents/app_complementariaBack/artisan(13): Illuminate\\Foundation\\Application->handleCommand()
#46 {main}

[previous exception] [object] (PDOException(code: 42P01): SQLSTATE[42P01]: Undefined table: 7 ERROR:  relation \"categories\" does not exist at /home/fabrica/Documents/app_complementariaBack/vendor/laravel/framework/src/Illuminate/Database/Connection.php:571)
[stacktrace]
#0 /home/fabrica/Documents/app_complementariaBack/vendor/laravel/framework/src/Illuminate/Database/Connection.php(571): PDOStatement->execute()
#1 /home/fabrica/Documents/app_complementariaBack/vendor/laravel/framework/src/Illuminate/Database/Connection.php(812): Illuminate\\Database\\Connection->Illuminate\\Database\\{closure}()
#2 /home/fabrica/Documents/app_complementariaBack/vendor/laravel/framework/src/Illuminate/Database/Connection.php(779): Illuminate\\Database\\Connection->runQueryCallback()
#3 /home/fabrica/Documents/app_complementariaBack/vendor/laravel/framework/src/Illuminate/Database/Connection.php(560): Illuminate\\Database\\Connection->run()
#4 /home/fabrica/Documents/app_complementariaBack/vendor/laravel/framework/src/Illuminate/Database/Schema/Blueprint.php(117): Illuminate\\Database\\Connection->statement()
#5 /home/fabrica/Documents/app_complementariaBack/vendor/laravel/framework/src/Illuminate/Database/Schema/Builder.php(565): Illuminate\\Database\\Schema\\Blueprint->build()
#6 /home/fabrica/Documents/app_complementariaBack/vendor/laravel/framework/src/Illuminate/Database/Schema/Builder.php(419): Illuminate\\Database\\Schema\\Builder->build()
#7 /home/fabrica/Documents/app_complementariaBack/vendor/laravel/framework/src/Illuminate/Support/Facades/Facade.php(357): Illuminate\\Database\\Schema\\Builder->create()
#8 /home/fabrica/Documents/app_complementariaBack/database/migrations/2024_07_23_144029_courses.php(15): Illuminate\\Support\\Facades\\Facade::__callStatic()
#9 /home/fabrica/Documents/app_complementariaBack/vendor/laravel/framework/src/Illuminate/Database/Migrations/Migrator.php(475): Illuminate\\Database\\Migrations\\Migration@anonymous->up()
#10 /home/fabrica/Documents/app_complementariaBack/vendor/laravel/framework/src/Illuminate/Database/Migrations/Migrator.php(400): Illuminate\\Database\\Migrations\\Migrator->runMethod()
#11 /home/fabrica/Documents/app_complementariaBack/vendor/laravel/framework/src/Illuminate/Database/Concerns/ManagesTransactions.php(30): Illuminate\\Database\\Migrations\\Migrator->Illuminate\\Database\\Migrations\\{closure}()
#12 /home/fabrica/Documents/app_complementariaBack/vendor/laravel/framework/src/Illuminate/Database/Migrations/Migrator.php(408): Illuminate\\Database\\Connection->transaction()
#13 /home/fabrica/Documents/app_complementariaBack/vendor/laravel/framework/src/Illuminate/Database/Migrations/Migrator.php(212): Illuminate\\Database\\Migrations\\Migrator->runMigration()
#14 /home/fabrica/Documents/app_complementariaBack/vendor/laravel/framework/src/Illuminate/Console/View/Components/Task.php(40): Illuminate\\Database\\Migrations\\Migrator->Illuminate\\Database\\Migrations\\{closure}()
#15 /home/fabrica/Documents/app_complementariaBack/vendor/laravel/framework/src/Illuminate/Database/Migrations/Migrator.php(736): Illuminate\\Console\\View\\Components\\Task->render()
#16 /home/fabrica/Documents/app_complementariaBack/vendor/laravel/framework/src/Illuminate/Database/Migrations/Migrator.php(212): Illuminate\\Database\\Migrations\\Migrator->write()
#17 /home/fabrica/Documents/app_complementariaBack/vendor/laravel/framework/src/Illuminate/Database/Migrations/Migrator.php(179): Illuminate\\Database\\Migrations\\Migrator->runUp()
#18 /home/fabrica/Documents/app_complementariaBack/vendor/laravel/framework/src/Illuminate/Database/Migrations/Migrator.php(122): Illuminate\\Database\\Migrations\\Migrator->runPending()
#19 /home/fabrica/Documents/app_complementariaBack/vendor/laravel/framework/src/Illuminate/Database/Console/Migrations/MigrateCommand.php(116): Illuminate\\Database\\Migrations\\Migrator->run()
#20 /home/fabrica/Documents/app_complementariaBack/vendor/laravel/framework/src/Illuminate/Database/Migrations/Migrator.php(615): Illuminate\\Database\\Console\\Migrations\\MigrateCommand->Illuminate\\Database\\Console\\Migrations\\{closure}()
#21 /home/fabrica/Documents/app_complementariaBack/vendor/laravel/framework/src/Illuminate/Database/Console/Migrations/MigrateCommand.php(109): Illuminate\\Database\\Migrations\\Migrator->usingConnection()
#22 /home/fabrica/Documents/app_complementariaBack/vendor/laravel/framework/src/Illuminate/Database/Console/Migrations/MigrateCommand.php(88): Illuminate\\Database\\Console\\Migrations\\MigrateCommand->runMigrations()
#23 /home/fabrica/Documents/app_complementariaBack/vendor/laravel/framework/src/Illuminate/Container/BoundMethod.php(36): Illuminate\\Database\\Console\\Migrations\\MigrateCommand->handle()
#24 /home/fabrica/Documents/app_complementariaBack/vendor/laravel/framework/src/Illuminate/Container/Util.php(41): Illuminate\\Container\\BoundMethod::Illuminate\\Container\\{closure}()
#25 /home/fabrica/Documents/app_complementariaBack/vendor/laravel/framework/src/Illuminate/Container/BoundMethod.php(93): Illuminate\\Container\\Util::unwrapIfClosure()
#26 /home/fabrica/Documents/app_complementariaBack/vendor/laravel/framework/src/Illuminate/Container/BoundMethod.php(35): Illuminate\\Container\\BoundMethod::callBoundMethod()
#27 /home/fabrica/Documents/app_complementariaBack/vendor/laravel/framework/src/Illuminate/Container/Container.php(690): Illuminate\\Container\\BoundMethod::call()
#28 /home/fabrica/Documents/app_complementariaBack/vendor/laravel/framework/src/Illuminate/Console/Command.php(213): Illuminate\\Container\\Container->call()
#29 /home/fabrica/Documents/app_complementariaBack/vendor/symfony/console/Command/Command.php(279): Illuminate\\Console\\Command->execute()
#30 /home/fabrica/Documents/app_complementariaBack/vendor/laravel/framework/src/Illuminate/Console/Command.php(182): Symfony\\Component\\Console\\Command\\Command->run()
#31 /home/fabrica/Documents/app_complementariaBack/vendor/laravel/framework/src/Illuminate/Console/Concerns/CallsCommands.php(67): Illuminate\\Console\\Command->run()
#32 /home/fabrica/Documents/app_complementariaBack/vendor/laravel/framework/src/Illuminate/Console/Concerns/CallsCommands.php(28): Illuminate\\Console\\Command->runCommand()
#33 /home/fabrica/Documents/app_complementariaBack/vendor/laravel/framework/src/Illuminate/Database/Console/Migrations/FreshCommand.php(82): Illuminate\\Console\\Command->call()
#34 /home/fabrica/Documents/app_complementariaBack/vendor/laravel/framework/src/Illuminate/Container/BoundMethod.php(36): Illuminate\\Database\\Console\\Migrations\\FreshCommand->handle()
#35 /home/fabrica/Documents/app_complementariaBack/vendor/laravel/framework/src/Illuminate/Container/Util.php(41): Illuminate\\Container\\BoundMethod::Illuminate\\Container\\{closure}()
#36 /home/fabrica/Documents/app_complementariaBack/vendor/laravel/framework/src/Illuminate/Container/BoundMethod.php(93): Illuminate\\Container\\Util::unwrapIfClosure()
#37 /home/fabrica/Documents/app_complementariaBack/vendor/laravel/framework/src/Illuminate/Container/BoundMethod.php(35): Illuminate\\Container\\BoundMethod::callBoundMethod()
#38 /home/fabrica/Documents/app_complementariaBack/vendor/laravel/framework/src/Illuminate/Container/Container.php(690): Illuminate\\Container\\BoundMethod::call()
#39 /home/fabrica/Documents/app_complementariaBack/vendor/laravel/framework/src/Illuminate/Console/Command.php(213): Illuminate\\Container\\Container->call()
#40 /home/fabrica/Documents/app_complementariaBack/vendor/symfony/console/Command/Command.php(279): Illuminate\\Console\\Command->execute()
#41 /home/fabrica/Documents/app_complementariaBack/vendor/laravel/framework/src/Illuminate/Console/Command.php(182): Symfony\\Component\\Console\\Command\\Command->run()
#42 /home/fabrica/Documents/app_complementariaBack/vendor/symfony/console/Application.php(1047): Illuminate\\Console\\Command->run()
#43 /home/fabrica/Documents/app_complementariaBack/vendor/symfony/console/Application.php(316): Symfony\\Component\\Console\\Application->doRunCommand()
#44 /home/fabrica/Documents/app_complementariaBack/vendor/symfony/console/Application.php(167): Symfony\\Component\\Console\\Application->doRun()
#45 /home/fabrica/Documents/app_complementariaBack/vendor/laravel/framework/src/Illuminate/Foundation/Console/Kernel.php(197): Symfony\\Component\\Console\\Application->run()
#46 /home/fabrica/Documents/app_complementariaBack/vendor/laravel/framework/src/Illuminate/Foundation/Application.php(1203): Illuminate\\Foundation\\Console\\Kernel->handle()
#47 /home/fabrica/Documents/app_complementariaBack/artisan(13): Illuminate\\Foundation\\Application->handleCommand()
#48 {main}
"} 
[2024-09-26 22:19:07] local.ERROR: SQLSTATE[42P01]: Undefined table: 7 ERROR:  relation "categories" does not exist (Connection: pgsql, SQL: alter table "courses" add constraint "courses_category_id_foreign" foreign key ("category_id") references "categories" ("id_category") on delete cascade) {"exception":"[object] (Illuminate\\Database\\QueryException(code: 42P01): SQLSTATE[42P01]: Undefined table: 7 ERROR:  relation \"categories\" does not exist (Connection: pgsql, SQL: alter table \"courses\" add constraint \"courses_category_id_foreign\" foreign key (\"category_id\") references \"categories\" (\"id_category\") on delete cascade) at /home/fabrica/Documents/app_complementariaBack/vendor/laravel/framework/src/Illuminate/Database/Connection.php:825)
[stacktrace]
#0 /home/fabrica/Documents/app_complementariaBack/vendor/laravel/framework/src/Illuminate/Database/Connection.php(779): Illuminate\\Database\\Connection->runQueryCallback()
#1 /home/fabrica/Documents/app_complementariaBack/vendor/laravel/framework/src/Illuminate/Database/Connection.php(560): Illuminate\\Database\\Connection->run()
#2 /home/fabrica/Documents/app_complementariaBack/vendor/laravel/framework/src/Illuminate/Database/Schema/Blueprint.php(117): Illuminate\\Database\\Connection->statement()
#3 /home/fabrica/Documents/app_complementariaBack/vendor/laravel/framework/src/Illuminate/Database/Schema/Builder.php(565): Illuminate\\Database\\Schema\\Blueprint->build()
#4 /home/fabrica/Documents/app_complementariaBack/vendor/laravel/framework/src/Illuminate/Database/Schema/Builder.php(419): Illuminate\\Database\\Schema\\Builder->build()
#5 /home/fabrica/Documents/app_complementariaBack/vendor/laravel/framework/src/Illuminate/Support/Facades/Facade.php(357): Illuminate\\Database\\Schema\\Builder->create()
#6 /home/fabrica/Documents/app_complementariaBack/database/migrations/2024_07_23_144029_courses.php(15): Illuminate\\Support\\Facades\\Facade::__callStatic()
#7 /home/fabrica/Documents/app_complementariaBack/vendor/laravel/framework/src/Illuminate/Database/Migrations/Migrator.php(475): Illuminate\\Database\\Migrations\\Migration@anonymous->up()
#8 /home/fabrica/Documents/app_complementariaBack/vendor/laravel/framework/src/Illuminate/Database/Migrations/Migrator.php(400): Illuminate\\Database\\Migrations\\Migrator->runMethod()
#9 /home/fabrica/Documents/app_complementariaBack/vendor/laravel/framework/src/Illuminate/Database/Concerns/ManagesTransactions.php(30): Illuminate\\Database\\Migrations\\Migrator->Illuminate\\Database\\Migrations\\{closure}()
#10 /home/fabrica/Documents/app_complementariaBack/vendor/laravel/framework/src/Illuminate/Database/Migrations/Migrator.php(408): Illuminate\\Database\\Connection->transaction()
#11 /home/fabrica/Documents/app_complementariaBack/vendor/laravel/framework/src/Illuminate/Database/Migrations/Migrator.php(212): Illuminate\\Database\\Migrations\\Migrator->runMigration()
#12 /home/fabrica/Documents/app_complementariaBack/vendor/laravel/framework/src/Illuminate/Console/View/Components/Task.php(40): Illuminate\\Database\\Migrations\\Migrator->Illuminate\\Database\\Migrations\\{closure}()
#13 /home/fabrica/Documents/app_complementariaBack/vendor/laravel/framework/src/Illuminate/Database/Migrations/Migrator.php(736): Illuminate\\Console\\View\\Components\\Task->render()
#14 /home/fabrica/Documents/app_complementariaBack/vendor/laravel/framework/src/Illuminate/Database/Migrations/Migrator.php(212): Illuminate\\Database\\Migrations\\Migrator->write()
#15 /home/fabrica/Documents/app_complementariaBack/vendor/laravel/framework/src/Illuminate/Database/Migrations/Migrator.php(179): Illuminate\\Database\\Migrations\\Migrator->runUp()
#16 /home/fabrica/Documents/app_complementariaBack/vendor/laravel/framework/src/Illuminate/Database/Migrations/Migrator.php(122): Illuminate\\Database\\Migrations\\Migrator->runPending()
#17 /home/fabrica/Documents/app_complementariaBack/vendor/laravel/framework/src/Illuminate/Database/Console/Migrations/MigrateCommand.php(116): Illuminate\\Database\\Migrations\\Migrator->run()
#18 /home/fabrica/Documents/app_complementariaBack/vendor/laravel/framework/src/Illuminate/Database/Migrations/Migrator.php(615): Illuminate\\Database\\Console\\Migrations\\MigrateCommand->Illuminate\\Database\\Console\\Migrations\\{closure}()
#19 /home/fabrica/Documents/app_complementariaBack/vendor/laravel/framework/src/Illuminate/Database/Console/Migrations/MigrateCommand.php(109): Illuminate\\Database\\Migrations\\Migrator->usingConnection()
#20 /home/fabrica/Documents/app_complementariaBack/vendor/laravel/framework/src/Illuminate/Database/Console/Migrations/MigrateCommand.php(88): Illuminate\\Database\\Console\\Migrations\\MigrateCommand->runMigrations()
#21 /home/fabrica/Documents/app_complementariaBack/vendor/laravel/framework/src/Illuminate/Container/BoundMethod.php(36): Illuminate\\Database\\Console\\Migrations\\MigrateCommand->handle()
#22 /home/fabrica/Documents/app_complementariaBack/vendor/laravel/framework/src/Illuminate/Container/Util.php(41): Illuminate\\Container\\BoundMethod::Illuminate\\Container\\{closure}()
#23 /home/fabrica/Documents/app_complementariaBack/vendor/laravel/framework/src/Illuminate/Container/BoundMethod.php(93): Illuminate\\Container\\Util::unwrapIfClosure()
#24 /home/fabrica/Documents/app_complementariaBack/vendor/laravel/framework/src/Illuminate/Container/BoundMethod.php(35): Illuminate\\Container\\BoundMethod::callBoundMethod()
#25 /home/fabrica/Documents/app_complementariaBack/vendor/laravel/framework/src/Illuminate/Container/Container.php(690): Illuminate\\Container\\BoundMethod::call()
#26 /home/fabrica/Documents/app_complementariaBack/vendor/laravel/framework/src/Illuminate/Console/Command.php(213): Illuminate\\Container\\Container->call()
#27 /home/fabrica/Documents/app_complementariaBack/vendor/symfony/console/Command/Command.php(279): Illuminate\\Console\\Command->execute()
#28 /home/fabrica/Documents/app_complementariaBack/vendor/laravel/framework/src/Illuminate/Console/Command.php(182): Symfony\\Component\\Console\\Command\\Command->run()
#29 /home/fabrica/Documents/app_complementariaBack/vendor/laravel/framework/src/Illuminate/Console/Concerns/CallsCommands.php(67): Illuminate\\Console\\Command->run()
#30 /home/fabrica/Documents/app_complementariaBack/vendor/laravel/framework/src/Illuminate/Console/Concerns/CallsCommands.php(28): Illuminate\\Console\\Command->runCommand()
#31 /home/fabrica/Documents/app_complementariaBack/vendor/laravel/framework/src/Illuminate/Database/Console/Migrations/FreshCommand.php(82): Illuminate\\Console\\Command->call()
#32 /home/fabrica/Documents/app_complementariaBack/vendor/laravel/framework/src/Illuminate/Container/BoundMethod.php(36): Illuminate\\Database\\Console\\Migrations\\FreshCommand->handle()
#33 /home/fabrica/Documents/app_complementariaBack/vendor/laravel/framework/src/Illuminate/Container/Util.php(41): Illuminate\\Container\\BoundMethod::Illuminate\\Container\\{closure}()
#34 /home/fabrica/Documents/app_complementariaBack/vendor/laravel/framework/src/Illuminate/Container/BoundMethod.php(93): Illuminate\\Container\\Util::unwrapIfClosure()
#35 /home/fabrica/Documents/app_complementariaBack/vendor/laravel/framework/src/Illuminate/Container/BoundMethod.php(35): Illuminate\\Container\\BoundMethod::callBoundMethod()
#36 /home/fabrica/Documents/app_complementariaBack/vendor/laravel/framework/src/Illuminate/Container/Container.php(690): Illuminate\\Container\\BoundMethod::call()
#37 /home/fabrica/Documents/app_complementariaBack/vendor/laravel/framework/src/Illuminate/Console/Command.php(213): Illuminate\\Container\\Container->call()
#38 /home/fabrica/Documents/app_complementariaBack/vendor/symfony/console/Command/Command.php(279): Illuminate\\Console\\Command->execute()
#39 /home/fabrica/Documents/app_complementariaBack/vendor/laravel/framework/src/Illuminate/Console/Command.php(182): Symfony\\Component\\Console\\Command\\Command->run()
#40 /home/fabrica/Documents/app_complementariaBack/vendor/symfony/console/Application.php(1047): Illuminate\\Console\\Command->run()
#41 /home/fabrica/Documents/app_complementariaBack/vendor/symfony/console/Application.php(316): Symfony\\Component\\Console\\Application->doRunCommand()
#42 /home/fabrica/Documents/app_complementariaBack/vendor/symfony/console/Application.php(167): Symfony\\Component\\Console\\Application->doRun()
#43 /home/fabrica/Documents/app_complementariaBack/vendor/laravel/framework/src/Illuminate/Foundation/Console/Kernel.php(197): Symfony\\Component\\Console\\Application->run()
#44 /home/fabrica/Documents/app_complementariaBack/vendor/laravel/framework/src/Illuminate/Foundation/Application.php(1203): Illuminate\\Foundation\\Console\\Kernel->handle()
#45 /home/fabrica/Documents/app_complementariaBack/artisan(13): Illuminate\\Foundation\\Application->handleCommand()
#46 {main}

[previous exception] [object] (PDOException(code: 42P01): SQLSTATE[42P01]: Undefined table: 7 ERROR:  relation \"categories\" does not exist at /home/fabrica/Documents/app_complementariaBack/vendor/laravel/framework/src/Illuminate/Database/Connection.php:571)
[stacktrace]
#0 /home/fabrica/Documents/app_complementariaBack/vendor/laravel/framework/src/Illuminate/Database/Connection.php(571): PDOStatement->execute()
#1 /home/fabrica/Documents/app_complementariaBack/vendor/laravel/framework/src/Illuminate/Database/Connection.php(812): Illuminate\\Database\\Connection->Illuminate\\Database\\{closure}()
#2 /home/fabrica/Documents/app_complementariaBack/vendor/laravel/framework/src/Illuminate/Database/Connection.php(779): Illuminate\\Database\\Connection->runQueryCallback()
#3 /home/fabrica/Documents/app_complementariaBack/vendor/laravel/framework/src/Illuminate/Database/Connection.php(560): Illuminate\\Database\\Connection->run()
#4 /home/fabrica/Documents/app_complementariaBack/vendor/laravel/framework/src/Illuminate/Database/Schema/Blueprint.php(117): Illuminate\\Database\\Connection->statement()
#5 /home/fabrica/Documents/app_complementariaBack/vendor/laravel/framework/src/Illuminate/Database/Schema/Builder.php(565): Illuminate\\Database\\Schema\\Blueprint->build()
#6 /home/fabrica/Documents/app_complementariaBack/vendor/laravel/framework/src/Illuminate/Database/Schema/Builder.php(419): Illuminate\\Database\\Schema\\Builder->build()
#7 /home/fabrica/Documents/app_complementariaBack/vendor/laravel/framework/src/Illuminate/Support/Facades/Facade.php(357): Illuminate\\Database\\Schema\\Builder->create()
#8 /home/fabrica/Documents/app_complementariaBack/database/migrations/2024_07_23_144029_courses.php(15): Illuminate\\Support\\Facades\\Facade::__callStatic()
#9 /home/fabrica/Documents/app_complementariaBack/vendor/laravel/framework/src/Illuminate/Database/Migrations/Migrator.php(475): Illuminate\\Database\\Migrations\\Migration@anonymous->up()
#10 /home/fabrica/Documents/app_complementariaBack/vendor/laravel/framework/src/Illuminate/Database/Migrations/Migrator.php(400): Illuminate\\Database\\Migrations\\Migrator->runMethod()
#11 /home/fabrica/Documents/app_complementariaBack/vendor/laravel/framework/src/Illuminate/Database/Concerns/ManagesTransactions.php(30): Illuminate\\Database\\Migrations\\Migrator->Illuminate\\Database\\Migrations\\{closure}()
#12 /home/fabrica/Documents/app_complementariaBack/vendor/laravel/framework/src/Illuminate/Database/Migrations/Migrator.php(408): Illuminate\\Database\\Connection->transaction()
#13 /home/fabrica/Documents/app_complementariaBack/vendor/laravel/framework/src/Illuminate/Database/Migrations/Migrator.php(212): Illuminate\\Database\\Migrations\\Migrator->runMigration()
#14 /home/fabrica/Documents/app_complementariaBack/vendor/laravel/framework/src/Illuminate/Console/View/Components/Task.php(40): Illuminate\\Database\\Migrations\\Migrator->Illuminate\\Database\\Migrations\\{closure}()
#15 /home/fabrica/Documents/app_complementariaBack/vendor/laravel/framework/src/Illuminate/Database/Migrations/Migrator.php(736): Illuminate\\Console\\View\\Components\\Task->render()
#16 /home/fabrica/Documents/app_complementariaBack/vendor/laravel/framework/src/Illuminate/Database/Migrations/Migrator.php(212): Illuminate\\Database\\Migrations\\Migrator->write()
#17 /home/fabrica/Documents/app_complementariaBack/vendor/laravel/framework/src/Illuminate/Database/Migrations/Migrator.php(179): Illuminate\\Database\\Migrations\\Migrator->runUp()
#18 /home/fabrica/Documents/app_complementariaBack/vendor/laravel/framework/src/Illuminate/Database/Migrations/Migrator.php(122): Illuminate\\Database\\Migrations\\Migrator->runPending()
#19 /home/fabrica/Documents/app_complementariaBack/vendor/laravel/framework/src/Illuminate/Database/Console/Migrations/MigrateCommand.php(116): Illuminate\\Database\\Migrations\\Migrator->run()
#20 /home/fabrica/Documents/app_complementariaBack/vendor/laravel/framework/src/Illuminate/Database/Migrations/Migrator.php(615): Illuminate\\Database\\Console\\Migrations\\MigrateCommand->Illuminate\\Database\\Console\\Migrations\\{closure}()
#21 /home/fabrica/Documents/app_complementariaBack/vendor/laravel/framework/src/Illuminate/Database/Console/Migrations/MigrateCommand.php(109): Illuminate\\Database\\Migrations\\Migrator->usingConnection()
#22 /home/fabrica/Documents/app_complementariaBack/vendor/laravel/framework/src/Illuminate/Database/Console/Migrations/MigrateCommand.php(88): Illuminate\\Database\\Console\\Migrations\\MigrateCommand->runMigrations()
#23 /home/fabrica/Documents/app_complementariaBack/vendor/laravel/framework/src/Illuminate/Container/BoundMethod.php(36): Illuminate\\Database\\Console\\Migrations\\MigrateCommand->handle()
#24 /home/fabrica/Documents/app_complementariaBack/vendor/laravel/framework/src/Illuminate/Container/Util.php(41): Illuminate\\Container\\BoundMethod::Illuminate\\Container\\{closure}()
#25 /home/fabrica/Documents/app_complementariaBack/vendor/laravel/framework/src/Illuminate/Container/BoundMethod.php(93): Illuminate\\Container\\Util::unwrapIfClosure()
#26 /home/fabrica/Documents/app_complementariaBack/vendor/laravel/framework/src/Illuminate/Container/BoundMethod.php(35): Illuminate\\Container\\BoundMethod::callBoundMethod()
#27 /home/fabrica/Documents/app_complementariaBack/vendor/laravel/framework/src/Illuminate/Container/Container.php(690): Illuminate\\Container\\BoundMethod::call()
#28 /home/fabrica/Documents/app_complementariaBack/vendor/laravel/framework/src/Illuminate/Console/Command.php(213): Illuminate\\Container\\Container->call()
#29 /home/fabrica/Documents/app_complementariaBack/vendor/symfony/console/Command/Command.php(279): Illuminate\\Console\\Command->execute()
#30 /home/fabrica/Documents/app_complementariaBack/vendor/laravel/framework/src/Illuminate/Console/Command.php(182): Symfony\\Component\\Console\\Command\\Command->run()
#31 /home/fabrica/Documents/app_complementariaBack/vendor/laravel/framework/src/Illuminate/Console/Concerns/CallsCommands.php(67): Illuminate\\Console\\Command->run()
#32 /home/fabrica/Documents/app_complementariaBack/vendor/laravel/framework/src/Illuminate/Console/Concerns/CallsCommands.php(28): Illuminate\\Console\\Command->runCommand()
#33 /home/fabrica/Documents/app_complementariaBack/vendor/laravel/framework/src/Illuminate/Database/Console/Migrations/FreshCommand.php(82): Illuminate\\Console\\Command->call()
#34 /home/fabrica/Documents/app_complementariaBack/vendor/laravel/framework/src/Illuminate/Container/BoundMethod.php(36): Illuminate\\Database\\Console\\Migrations\\FreshCommand->handle()
#35 /home/fabrica/Documents/app_complementariaBack/vendor/laravel/framework/src/Illuminate/Container/Util.php(41): Illuminate\\Container\\BoundMethod::Illuminate\\Container\\{closure}()
#36 /home/fabrica/Documents/app_complementariaBack/vendor/laravel/framework/src/Illuminate/Container/BoundMethod.php(93): Illuminate\\Container\\Util::unwrapIfClosure()
#37 /home/fabrica/Documents/app_complementariaBack/vendor/laravel/framework/src/Illuminate/Container/BoundMethod.php(35): Illuminate\\Container\\BoundMethod::callBoundMethod()
#38 /home/fabrica/Documents/app_complementariaBack/vendor/laravel/framework/src/Illuminate/Container/Container.php(690): Illuminate\\Container\\BoundMethod::call()
#39 /home/fabrica/Documents/app_complementariaBack/vendor/laravel/framework/src/Illuminate/Console/Command.php(213): Illuminate\\Container\\Container->call()
#40 /home/fabrica/Documents/app_complementariaBack/vendor/symfony/console/Command/Command.php(279): Illuminate\\Console\\Command->execute()
#41 /home/fabrica/Documents/app_complementariaBack/vendor/laravel/framework/src/Illuminate/Console/Command.php(182): Symfony\\Component\\Console\\Command\\Command->run()
#42 /home/fabrica/Documents/app_complementariaBack/vendor/symfony/console/Application.php(1047): Illuminate\\Console\\Command->run()
#43 /home/fabrica/Documents/app_complementariaBack/vendor/symfony/console/Application.php(316): Symfony\\Component\\Console\\Application->doRunCommand()
#44 /home/fabrica/Documents/app_complementariaBack/vendor/symfony/console/Application.php(167): Symfony\\Component\\Console\\Application->doRun()
#45 /home/fabrica/Documents/app_complementariaBack/vendor/laravel/framework/src/Illuminate/Foundation/Console/Kernel.php(197): Symfony\\Component\\Console\\Application->run()
#46 /home/fabrica/Documents/app_complementariaBack/vendor/laravel/framework/src/Illuminate/Foundation/Application.php(1203): Illuminate\\Foundation\\Console\\Kernel->handle()
#47 /home/fabrica/Documents/app_complementariaBack/artisan(13): Illuminate\\Foundation\\Application->handleCommand()
#48 {main}
"} 
[2024-09-26 22:19:29] local.ERROR: SQLSTATE[42P01]: Undefined table: 7 ERROR:  relation "categories" does not exist (Connection: pgsql, SQL: alter table "courses" add constraint "courses_category_id_foreign" foreign key ("category_id") references "categories" ("id_category") on delete cascade) {"exception":"[object] (Illuminate\\Database\\QueryException(code: 42P01): SQLSTATE[42P01]: Undefined table: 7 ERROR:  relation \"categories\" does not exist (Connection: pgsql, SQL: alter table \"courses\" add constraint \"courses_category_id_foreign\" foreign key (\"category_id\") references \"categories\" (\"id_category\") on delete cascade) at /home/fabrica/Documents/app_complementariaBack/vendor/laravel/framework/src/Illuminate/Database/Connection.php:825)
[stacktrace]
#0 /home/fabrica/Documents/app_complementariaBack/vendor/laravel/framework/src/Illuminate/Database/Connection.php(779): Illuminate\\Database\\Connection->runQueryCallback()
#1 /home/fabrica/Documents/app_complementariaBack/vendor/laravel/framework/src/Illuminate/Database/Connection.php(560): Illuminate\\Database\\Connection->run()
#2 /home/fabrica/Documents/app_complementariaBack/vendor/laravel/framework/src/Illuminate/Database/Schema/Blueprint.php(117): Illuminate\\Database\\Connection->statement()
#3 /home/fabrica/Documents/app_complementariaBack/vendor/laravel/framework/src/Illuminate/Database/Schema/Builder.php(565): Illuminate\\Database\\Schema\\Blueprint->build()
#4 /home/fabrica/Documents/app_complementariaBack/vendor/laravel/framework/src/Illuminate/Database/Schema/Builder.php(419): Illuminate\\Database\\Schema\\Builder->build()
#5 /home/fabrica/Documents/app_complementariaBack/vendor/laravel/framework/src/Illuminate/Support/Facades/Facade.php(357): Illuminate\\Database\\Schema\\Builder->create()
#6 /home/fabrica/Documents/app_complementariaBack/database/migrations/2024_07_23_144029_courses.php(15): Illuminate\\Support\\Facades\\Facade::__callStatic()
#7 /home/fabrica/Documents/app_complementariaBack/vendor/laravel/framework/src/Illuminate/Database/Migrations/Migrator.php(475): Illuminate\\Database\\Migrations\\Migration@anonymous->up()
#8 /home/fabrica/Documents/app_complementariaBack/vendor/laravel/framework/src/Illuminate/Database/Migrations/Migrator.php(400): Illuminate\\Database\\Migrations\\Migrator->runMethod()
#9 /home/fabrica/Documents/app_complementariaBack/vendor/laravel/framework/src/Illuminate/Database/Concerns/ManagesTransactions.php(30): Illuminate\\Database\\Migrations\\Migrator->Illuminate\\Database\\Migrations\\{closure}()
#10 /home/fabrica/Documents/app_complementariaBack/vendor/laravel/framework/src/Illuminate/Database/Migrations/Migrator.php(408): Illuminate\\Database\\Connection->transaction()
#11 /home/fabrica/Documents/app_complementariaBack/vendor/laravel/framework/src/Illuminate/Database/Migrations/Migrator.php(212): Illuminate\\Database\\Migrations\\Migrator->runMigration()
#12 /home/fabrica/Documents/app_complementariaBack/vendor/laravel/framework/src/Illuminate/Console/View/Components/Task.php(40): Illuminate\\Database\\Migrations\\Migrator->Illuminate\\Database\\Migrations\\{closure}()
#13 /home/fabrica/Documents/app_complementariaBack/vendor/laravel/framework/src/Illuminate/Database/Migrations/Migrator.php(736): Illuminate\\Console\\View\\Components\\Task->render()
#14 /home/fabrica/Documents/app_complementariaBack/vendor/laravel/framework/src/Illuminate/Database/Migrations/Migrator.php(212): Illuminate\\Database\\Migrations\\Migrator->write()
#15 /home/fabrica/Documents/app_complementariaBack/vendor/laravel/framework/src/Illuminate/Database/Migrations/Migrator.php(179): Illuminate\\Database\\Migrations\\Migrator->runUp()
#16 /home/fabrica/Documents/app_complementariaBack/vendor/laravel/framework/src/Illuminate/Database/Migrations/Migrator.php(122): Illuminate\\Database\\Migrations\\Migrator->runPending()
#17 /home/fabrica/Documents/app_complementariaBack/vendor/laravel/framework/src/Illuminate/Database/Console/Migrations/MigrateCommand.php(116): Illuminate\\Database\\Migrations\\Migrator->run()
#18 /home/fabrica/Documents/app_complementariaBack/vendor/laravel/framework/src/Illuminate/Database/Migrations/Migrator.php(615): Illuminate\\Database\\Console\\Migrations\\MigrateCommand->Illuminate\\Database\\Console\\Migrations\\{closure}()
#19 /home/fabrica/Documents/app_complementariaBack/vendor/laravel/framework/src/Illuminate/Database/Console/Migrations/MigrateCommand.php(109): Illuminate\\Database\\Migrations\\Migrator->usingConnection()
#20 /home/fabrica/Documents/app_complementariaBack/vendor/laravel/framework/src/Illuminate/Database/Console/Migrations/MigrateCommand.php(88): Illuminate\\Database\\Console\\Migrations\\MigrateCommand->runMigrations()
#21 /home/fabrica/Documents/app_complementariaBack/vendor/laravel/framework/src/Illuminate/Container/BoundMethod.php(36): Illuminate\\Database\\Console\\Migrations\\MigrateCommand->handle()
#22 /home/fabrica/Documents/app_complementariaBack/vendor/laravel/framework/src/Illuminate/Container/Util.php(41): Illuminate\\Container\\BoundMethod::Illuminate\\Container\\{closure}()
#23 /home/fabrica/Documents/app_complementariaBack/vendor/laravel/framework/src/Illuminate/Container/BoundMethod.php(93): Illuminate\\Container\\Util::unwrapIfClosure()
#24 /home/fabrica/Documents/app_complementariaBack/vendor/laravel/framework/src/Illuminate/Container/BoundMethod.php(35): Illuminate\\Container\\BoundMethod::callBoundMethod()
#25 /home/fabrica/Documents/app_complementariaBack/vendor/laravel/framework/src/Illuminate/Container/Container.php(690): Illuminate\\Container\\BoundMethod::call()
#26 /home/fabrica/Documents/app_complementariaBack/vendor/laravel/framework/src/Illuminate/Console/Command.php(213): Illuminate\\Container\\Container->call()
#27 /home/fabrica/Documents/app_complementariaBack/vendor/symfony/console/Command/Command.php(279): Illuminate\\Console\\Command->execute()
#28 /home/fabrica/Documents/app_complementariaBack/vendor/laravel/framework/src/Illuminate/Console/Command.php(182): Symfony\\Component\\Console\\Command\\Command->run()
#29 /home/fabrica/Documents/app_complementariaBack/vendor/symfony/console/Application.php(1047): Illuminate\\Console\\Command->run()
#30 /home/fabrica/Documents/app_complementariaBack/vendor/symfony/console/Application.php(316): Symfony\\Component\\Console\\Application->doRunCommand()
#31 /home/fabrica/Documents/app_complementariaBack/vendor/symfony/console/Application.php(167): Symfony\\Component\\Console\\Application->doRun()
#32 /home/fabrica/Documents/app_complementariaBack/vendor/laravel/framework/src/Illuminate/Foundation/Console/Kernel.php(197): Symfony\\Component\\Console\\Application->run()
#33 /home/fabrica/Documents/app_complementariaBack/vendor/laravel/framework/src/Illuminate/Foundation/Application.php(1203): Illuminate\\Foundation\\Console\\Kernel->handle()
#34 /home/fabrica/Documents/app_complementariaBack/artisan(13): Illuminate\\Foundation\\Application->handleCommand()
#35 {main}

[previous exception] [object] (PDOException(code: 42P01): SQLSTATE[42P01]: Undefined table: 7 ERROR:  relation \"categories\" does not exist at /home/fabrica/Documents/app_complementariaBack/vendor/laravel/framework/src/Illuminate/Database/Connection.php:571)
[stacktrace]
#0 /home/fabrica/Documents/app_complementariaBack/vendor/laravel/framework/src/Illuminate/Database/Connection.php(571): PDOStatement->execute()
#1 /home/fabrica/Documents/app_complementariaBack/vendor/laravel/framework/src/Illuminate/Database/Connection.php(812): Illuminate\\Database\\Connection->Illuminate\\Database\\{closure}()
#2 /home/fabrica/Documents/app_complementariaBack/vendor/laravel/framework/src/Illuminate/Database/Connection.php(779): Illuminate\\Database\\Connection->runQueryCallback()
#3 /home/fabrica/Documents/app_complementariaBack/vendor/laravel/framework/src/Illuminate/Database/Connection.php(560): Illuminate\\Database\\Connection->run()
#4 /home/fabrica/Documents/app_complementariaBack/vendor/laravel/framework/src/Illuminate/Database/Schema/Blueprint.php(117): Illuminate\\Database\\Connection->statement()
#5 /home/fabrica/Documents/app_complementariaBack/vendor/laravel/framework/src/Illuminate/Database/Schema/Builder.php(565): Illuminate\\Database\\Schema\\Blueprint->build()
#6 /home/fabrica/Documents/app_complementariaBack/vendor/laravel/framework/src/Illuminate/Database/Schema/Builder.php(419): Illuminate\\Database\\Schema\\Builder->build()
#7 /home/fabrica/Documents/app_complementariaBack/vendor/laravel/framework/src/Illuminate/Support/Facades/Facade.php(357): Illuminate\\Database\\Schema\\Builder->create()
#8 /home/fabrica/Documents/app_complementariaBack/database/migrations/2024_07_23_144029_courses.php(15): Illuminate\\Support\\Facades\\Facade::__callStatic()
#9 /home/fabrica/Documents/app_complementariaBack/vendor/laravel/framework/src/Illuminate/Database/Migrations/Migrator.php(475): Illuminate\\Database\\Migrations\\Migration@anonymous->up()
#10 /home/fabrica/Documents/app_complementariaBack/vendor/laravel/framework/src/Illuminate/Database/Migrations/Migrator.php(400): Illuminate\\Database\\Migrations\\Migrator->runMethod()
#11 /home/fabrica/Documents/app_complementariaBack/vendor/laravel/framework/src/Illuminate/Database/Concerns/ManagesTransactions.php(30): Illuminate\\Database\\Migrations\\Migrator->Illuminate\\Database\\Migrations\\{closure}()
#12 /home/fabrica/Documents/app_complementariaBack/vendor/laravel/framework/src/Illuminate/Database/Migrations/Migrator.php(408): Illuminate\\Database\\Connection->transaction()
#13 /home/fabrica/Documents/app_complementariaBack/vendor/laravel/framework/src/Illuminate/Database/Migrations/Migrator.php(212): Illuminate\\Database\\Migrations\\Migrator->runMigration()
#14 /home/fabrica/Documents/app_complementariaBack/vendor/laravel/framework/src/Illuminate/Console/View/Components/Task.php(40): Illuminate\\Database\\Migrations\\Migrator->Illuminate\\Database\\Migrations\\{closure}()
#15 /home/fabrica/Documents/app_complementariaBack/vendor/laravel/framework/src/Illuminate/Database/Migrations/Migrator.php(736): Illuminate\\Console\\View\\Components\\Task->render()
#16 /home/fabrica/Documents/app_complementariaBack/vendor/laravel/framework/src/Illuminate/Database/Migrations/Migrator.php(212): Illuminate\\Database\\Migrations\\Migrator->write()
#17 /home/fabrica/Documents/app_complementariaBack/vendor/laravel/framework/src/Illuminate/Database/Migrations/Migrator.php(179): Illuminate\\Database\\Migrations\\Migrator->runUp()
#18 /home/fabrica/Documents/app_complementariaBack/vendor/laravel/framework/src/Illuminate/Database/Migrations/Migrator.php(122): Illuminate\\Database\\Migrations\\Migrator->runPending()
#19 /home/fabrica/Documents/app_complementariaBack/vendor/laravel/framework/src/Illuminate/Database/Console/Migrations/MigrateCommand.php(116): Illuminate\\Database\\Migrations\\Migrator->run()
#20 /home/fabrica/Documents/app_complementariaBack/vendor/laravel/framework/src/Illuminate/Database/Migrations/Migrator.php(615): Illuminate\\Database\\Console\\Migrations\\MigrateCommand->Illuminate\\Database\\Console\\Migrations\\{closure}()
#21 /home/fabrica/Documents/app_complementariaBack/vendor/laravel/framework/src/Illuminate/Database/Console/Migrations/MigrateCommand.php(109): Illuminate\\Database\\Migrations\\Migrator->usingConnection()
#22 /home/fabrica/Documents/app_complementariaBack/vendor/laravel/framework/src/Illuminate/Database/Console/Migrations/MigrateCommand.php(88): Illuminate\\Database\\Console\\Migrations\\MigrateCommand->runMigrations()
#23 /home/fabrica/Documents/app_complementariaBack/vendor/laravel/framework/src/Illuminate/Container/BoundMethod.php(36): Illuminate\\Database\\Console\\Migrations\\MigrateCommand->handle()
#24 /home/fabrica/Documents/app_complementariaBack/vendor/laravel/framework/src/Illuminate/Container/Util.php(41): Illuminate\\Container\\BoundMethod::Illuminate\\Container\\{closure}()
#25 /home/fabrica/Documents/app_complementariaBack/vendor/laravel/framework/src/Illuminate/Container/BoundMethod.php(93): Illuminate\\Container\\Util::unwrapIfClosure()
#26 /home/fabrica/Documents/app_complementariaBack/vendor/laravel/framework/src/Illuminate/Container/BoundMethod.php(35): Illuminate\\Container\\BoundMethod::callBoundMethod()
#27 /home/fabrica/Documents/app_complementariaBack/vendor/laravel/framework/src/Illuminate/Container/Container.php(690): Illuminate\\Container\\BoundMethod::call()
#28 /home/fabrica/Documents/app_complementariaBack/vendor/laravel/framework/src/Illuminate/Console/Command.php(213): Illuminate\\Container\\Container->call()
#29 /home/fabrica/Documents/app_complementariaBack/vendor/symfony/console/Command/Command.php(279): Illuminate\\Console\\Command->execute()
#30 /home/fabrica/Documents/app_complementariaBack/vendor/laravel/framework/src/Illuminate/Console/Command.php(182): Symfony\\Component\\Console\\Command\\Command->run()
#31 /home/fabrica/Documents/app_complementariaBack/vendor/symfony/console/Application.php(1047): Illuminate\\Console\\Command->run()
#32 /home/fabrica/Documents/app_complementariaBack/vendor/symfony/console/Application.php(316): Symfony\\Component\\Console\\Application->doRunCommand()
#33 /home/fabrica/Documents/app_complementariaBack/vendor/symfony/console/Application.php(167): Symfony\\Component\\Console\\Application->doRun()
#34 /home/fabrica/Documents/app_complementariaBack/vendor/laravel/framework/src/Illuminate/Foundation/Console/Kernel.php(197): Symfony\\Component\\Console\\Application->run()
#35 /home/fabrica/Documents/app_complementariaBack/vendor/laravel/framework/src/Illuminate/Foundation/Application.php(1203): Illuminate\\Foundation\\Console\\Kernel->handle()
#36 /home/fabrica/Documents/app_complementariaBack/artisan(13): Illuminate\\Foundation\\Application->handleCommand()
#37 {main}
"} 
[2024-09-26 22:19:54] local.ERROR: SQLSTATE[42P01]: Undefined table: 7 ERROR:  relation "countries" does not exist (Connection: pgsql, SQL: alter table "peoples" add constraint "peoples_country_id_foreign" foreign key ("country_id") references "countries" ("id_country")) {"exception":"[object] (Illuminate\\Database\\QueryException(code: 42P01): SQLSTATE[42P01]: Undefined table: 7 ERROR:  relation \"countries\" does not exist (Connection: pgsql, SQL: alter table \"peoples\" add constraint \"peoples_country_id_foreign\" foreign key (\"country_id\") references \"countries\" (\"id_country\")) at /home/fabrica/Documents/app_complementariaBack/vendor/laravel/framework/src/Illuminate/Database/Connection.php:825)
[stacktrace]
#0 /home/fabrica/Documents/app_complementariaBack/vendor/laravel/framework/src/Illuminate/Database/Connection.php(779): Illuminate\\Database\\Connection->runQueryCallback()
#1 /home/fabrica/Documents/app_complementariaBack/vendor/laravel/framework/src/Illuminate/Database/Connection.php(560): Illuminate\\Database\\Connection->run()
#2 /home/fabrica/Documents/app_complementariaBack/vendor/laravel/framework/src/Illuminate/Database/Schema/Blueprint.php(117): Illuminate\\Database\\Connection->statement()
#3 /home/fabrica/Documents/app_complementariaBack/vendor/laravel/framework/src/Illuminate/Database/Schema/Builder.php(565): Illuminate\\Database\\Schema\\Blueprint->build()
#4 /home/fabrica/Documents/app_complementariaBack/vendor/laravel/framework/src/Illuminate/Database/Schema/Builder.php(419): Illuminate\\Database\\Schema\\Builder->build()
#5 /home/fabrica/Documents/app_complementariaBack/vendor/laravel/framework/src/Illuminate/Support/Facades/Facade.php(357): Illuminate\\Database\\Schema\\Builder->create()
#6 /home/fabrica/Documents/app_complementariaBack/database/migrations/2024_08_01_141211_peoples.php(14): Illuminate\\Support\\Facades\\Facade::__callStatic()
#7 /home/fabrica/Documents/app_complementariaBack/vendor/laravel/framework/src/Illuminate/Database/Migrations/Migrator.php(475): Illuminate\\Database\\Migrations\\Migration@anonymous->up()
#8 /home/fabrica/Documents/app_complementariaBack/vendor/laravel/framework/src/Illuminate/Database/Migrations/Migrator.php(400): Illuminate\\Database\\Migrations\\Migrator->runMethod()
#9 /home/fabrica/Documents/app_complementariaBack/vendor/laravel/framework/src/Illuminate/Database/Concerns/ManagesTransactions.php(30): Illuminate\\Database\\Migrations\\Migrator->Illuminate\\Database\\Migrations\\{closure}()
#10 /home/fabrica/Documents/app_complementariaBack/vendor/laravel/framework/src/Illuminate/Database/Migrations/Migrator.php(408): Illuminate\\Database\\Connection->transaction()
#11 /home/fabrica/Documents/app_complementariaBack/vendor/laravel/framework/src/Illuminate/Database/Migrations/Migrator.php(212): Illuminate\\Database\\Migrations\\Migrator->runMigration()
#12 /home/fabrica/Documents/app_complementariaBack/vendor/laravel/framework/src/Illuminate/Console/View/Components/Task.php(40): Illuminate\\Database\\Migrations\\Migrator->Illuminate\\Database\\Migrations\\{closure}()
#13 /home/fabrica/Documents/app_complementariaBack/vendor/laravel/framework/src/Illuminate/Database/Migrations/Migrator.php(736): Illuminate\\Console\\View\\Components\\Task->render()
#14 /home/fabrica/Documents/app_complementariaBack/vendor/laravel/framework/src/Illuminate/Database/Migrations/Migrator.php(212): Illuminate\\Database\\Migrations\\Migrator->write()
#15 /home/fabrica/Documents/app_complementariaBack/vendor/laravel/framework/src/Illuminate/Database/Migrations/Migrator.php(179): Illuminate\\Database\\Migrations\\Migrator->runUp()
#16 /home/fabrica/Documents/app_complementariaBack/vendor/laravel/framework/src/Illuminate/Database/Migrations/Migrator.php(122): Illuminate\\Database\\Migrations\\Migrator->runPending()
#17 /home/fabrica/Documents/app_complementariaBack/vendor/laravel/framework/src/Illuminate/Database/Console/Migrations/MigrateCommand.php(116): Illuminate\\Database\\Migrations\\Migrator->run()
#18 /home/fabrica/Documents/app_complementariaBack/vendor/laravel/framework/src/Illuminate/Database/Migrations/Migrator.php(615): Illuminate\\Database\\Console\\Migrations\\MigrateCommand->Illuminate\\Database\\Console\\Migrations\\{closure}()
#19 /home/fabrica/Documents/app_complementariaBack/vendor/laravel/framework/src/Illuminate/Database/Console/Migrations/MigrateCommand.php(109): Illuminate\\Database\\Migrations\\Migrator->usingConnection()
#20 /home/fabrica/Documents/app_complementariaBack/vendor/laravel/framework/src/Illuminate/Database/Console/Migrations/MigrateCommand.php(88): Illuminate\\Database\\Console\\Migrations\\MigrateCommand->runMigrations()
#21 /home/fabrica/Documents/app_complementariaBack/vendor/laravel/framework/src/Illuminate/Container/BoundMethod.php(36): Illuminate\\Database\\Console\\Migrations\\MigrateCommand->handle()
#22 /home/fabrica/Documents/app_complementariaBack/vendor/laravel/framework/src/Illuminate/Container/Util.php(41): Illuminate\\Container\\BoundMethod::Illuminate\\Container\\{closure}()
#23 /home/fabrica/Documents/app_complementariaBack/vendor/laravel/framework/src/Illuminate/Container/BoundMethod.php(93): Illuminate\\Container\\Util::unwrapIfClosure()
#24 /home/fabrica/Documents/app_complementariaBack/vendor/laravel/framework/src/Illuminate/Container/BoundMethod.php(35): Illuminate\\Container\\BoundMethod::callBoundMethod()
#25 /home/fabrica/Documents/app_complementariaBack/vendor/laravel/framework/src/Illuminate/Container/Container.php(690): Illuminate\\Container\\BoundMethod::call()
#26 /home/fabrica/Documents/app_complementariaBack/vendor/laravel/framework/src/Illuminate/Console/Command.php(213): Illuminate\\Container\\Container->call()
#27 /home/fabrica/Documents/app_complementariaBack/vendor/symfony/console/Command/Command.php(279): Illuminate\\Console\\Command->execute()
#28 /home/fabrica/Documents/app_complementariaBack/vendor/laravel/framework/src/Illuminate/Console/Command.php(182): Symfony\\Component\\Console\\Command\\Command->run()
#29 /home/fabrica/Documents/app_complementariaBack/vendor/symfony/console/Application.php(1047): Illuminate\\Console\\Command->run()
#30 /home/fabrica/Documents/app_complementariaBack/vendor/symfony/console/Application.php(316): Symfony\\Component\\Console\\Application->doRunCommand()
#31 /home/fabrica/Documents/app_complementariaBack/vendor/symfony/console/Application.php(167): Symfony\\Component\\Console\\Application->doRun()
#32 /home/fabrica/Documents/app_complementariaBack/vendor/laravel/framework/src/Illuminate/Foundation/Console/Kernel.php(197): Symfony\\Component\\Console\\Application->run()
#33 /home/fabrica/Documents/app_complementariaBack/vendor/laravel/framework/src/Illuminate/Foundation/Application.php(1203): Illuminate\\Foundation\\Console\\Kernel->handle()
#34 /home/fabrica/Documents/app_complementariaBack/artisan(13): Illuminate\\Foundation\\Application->handleCommand()
#35 {main}

[previous exception] [object] (PDOException(code: 42P01): SQLSTATE[42P01]: Undefined table: 7 ERROR:  relation \"countries\" does not exist at /home/fabrica/Documents/app_complementariaBack/vendor/laravel/framework/src/Illuminate/Database/Connection.php:571)
[stacktrace]
#0 /home/fabrica/Documents/app_complementariaBack/vendor/laravel/framework/src/Illuminate/Database/Connection.php(571): PDOStatement->execute()
#1 /home/fabrica/Documents/app_complementariaBack/vendor/laravel/framework/src/Illuminate/Database/Connection.php(812): Illuminate\\Database\\Connection->Illuminate\\Database\\{closure}()
#2 /home/fabrica/Documents/app_complementariaBack/vendor/laravel/framework/src/Illuminate/Database/Connection.php(779): Illuminate\\Database\\Connection->runQueryCallback()
#3 /home/fabrica/Documents/app_complementariaBack/vendor/laravel/framework/src/Illuminate/Database/Connection.php(560): Illuminate\\Database\\Connection->run()
#4 /home/fabrica/Documents/app_complementariaBack/vendor/laravel/framework/src/Illuminate/Database/Schema/Blueprint.php(117): Illuminate\\Database\\Connection->statement()
#5 /home/fabrica/Documents/app_complementariaBack/vendor/laravel/framework/src/Illuminate/Database/Schema/Builder.php(565): Illuminate\\Database\\Schema\\Blueprint->build()
#6 /home/fabrica/Documents/app_complementariaBack/vendor/laravel/framework/src/Illuminate/Database/Schema/Builder.php(419): Illuminate\\Database\\Schema\\Builder->build()
#7 /home/fabrica/Documents/app_complementariaBack/vendor/laravel/framework/src/Illuminate/Support/Facades/Facade.php(357): Illuminate\\Database\\Schema\\Builder->create()
#8 /home/fabrica/Documents/app_complementariaBack/database/migrations/2024_08_01_141211_peoples.php(14): Illuminate\\Support\\Facades\\Facade::__callStatic()
#9 /home/fabrica/Documents/app_complementariaBack/vendor/laravel/framework/src/Illuminate/Database/Migrations/Migrator.php(475): Illuminate\\Database\\Migrations\\Migration@anonymous->up()
#10 /home/fabrica/Documents/app_complementariaBack/vendor/laravel/framework/src/Illuminate/Database/Migrations/Migrator.php(400): Illuminate\\Database\\Migrations\\Migrator->runMethod()
#11 /home/fabrica/Documents/app_complementariaBack/vendor/laravel/framework/src/Illuminate/Database/Concerns/ManagesTransactions.php(30): Illuminate\\Database\\Migrations\\Migrator->Illuminate\\Database\\Migrations\\{closure}()
#12 /home/fabrica/Documents/app_complementariaBack/vendor/laravel/framework/src/Illuminate/Database/Migrations/Migrator.php(408): Illuminate\\Database\\Connection->transaction()
#13 /home/fabrica/Documents/app_complementariaBack/vendor/laravel/framework/src/Illuminate/Database/Migrations/Migrator.php(212): Illuminate\\Database\\Migrations\\Migrator->runMigration()
#14 /home/fabrica/Documents/app_complementariaBack/vendor/laravel/framework/src/Illuminate/Console/View/Components/Task.php(40): Illuminate\\Database\\Migrations\\Migrator->Illuminate\\Database\\Migrations\\{closure}()
#15 /home/fabrica/Documents/app_complementariaBack/vendor/laravel/framework/src/Illuminate/Database/Migrations/Migrator.php(736): Illuminate\\Console\\View\\Components\\Task->render()
#16 /home/fabrica/Documents/app_complementariaBack/vendor/laravel/framework/src/Illuminate/Database/Migrations/Migrator.php(212): Illuminate\\Database\\Migrations\\Migrator->write()
#17 /home/fabrica/Documents/app_complementariaBack/vendor/laravel/framework/src/Illuminate/Database/Migrations/Migrator.php(179): Illuminate\\Database\\Migrations\\Migrator->runUp()
#18 /home/fabrica/Documents/app_complementariaBack/vendor/laravel/framework/src/Illuminate/Database/Migrations/Migrator.php(122): Illuminate\\Database\\Migrations\\Migrator->runPending()
#19 /home/fabrica/Documents/app_complementariaBack/vendor/laravel/framework/src/Illuminate/Database/Console/Migrations/MigrateCommand.php(116): Illuminate\\Database\\Migrations\\Migrator->run()
#20 /home/fabrica/Documents/app_complementariaBack/vendor/laravel/framework/src/Illuminate/Database/Migrations/Migrator.php(615): Illuminate\\Database\\Console\\Migrations\\MigrateCommand->Illuminate\\Database\\Console\\Migrations\\{closure}()
#21 /home/fabrica/Documents/app_complementariaBack/vendor/laravel/framework/src/Illuminate/Database/Console/Migrations/MigrateCommand.php(109): Illuminate\\Database\\Migrations\\Migrator->usingConnection()
#22 /home/fabrica/Documents/app_complementariaBack/vendor/laravel/framework/src/Illuminate/Database/Console/Migrations/MigrateCommand.php(88): Illuminate\\Database\\Console\\Migrations\\MigrateCommand->runMigrations()
#23 /home/fabrica/Documents/app_complementariaBack/vendor/laravel/framework/src/Illuminate/Container/BoundMethod.php(36): Illuminate\\Database\\Console\\Migrations\\MigrateCommand->handle()
#24 /home/fabrica/Documents/app_complementariaBack/vendor/laravel/framework/src/Illuminate/Container/Util.php(41): Illuminate\\Container\\BoundMethod::Illuminate\\Container\\{closure}()
#25 /home/fabrica/Documents/app_complementariaBack/vendor/laravel/framework/src/Illuminate/Container/BoundMethod.php(93): Illuminate\\Container\\Util::unwrapIfClosure()
#26 /home/fabrica/Documents/app_complementariaBack/vendor/laravel/framework/src/Illuminate/Container/BoundMethod.php(35): Illuminate\\Container\\BoundMethod::callBoundMethod()
#27 /home/fabrica/Documents/app_complementariaBack/vendor/laravel/framework/src/Illuminate/Container/Container.php(690): Illuminate\\Container\\BoundMethod::call()
#28 /home/fabrica/Documents/app_complementariaBack/vendor/laravel/framework/src/Illuminate/Console/Command.php(213): Illuminate\\Container\\Container->call()
#29 /home/fabrica/Documents/app_complementariaBack/vendor/symfony/console/Command/Command.php(279): Illuminate\\Console\\Command->execute()
#30 /home/fabrica/Documents/app_complementariaBack/vendor/laravel/framework/src/Illuminate/Console/Command.php(182): Symfony\\Component\\Console\\Command\\Command->run()
#31 /home/fabrica/Documents/app_complementariaBack/vendor/symfony/console/Application.php(1047): Illuminate\\Console\\Command->run()
#32 /home/fabrica/Documents/app_complementariaBack/vendor/symfony/console/Application.php(316): Symfony\\Component\\Console\\Application->doRunCommand()
#33 /home/fabrica/Documents/app_complementariaBack/vendor/symfony/console/Application.php(167): Symfony\\Component\\Console\\Application->doRun()
#34 /home/fabrica/Documents/app_complementariaBack/vendor/laravel/framework/src/Illuminate/Foundation/Console/Kernel.php(197): Symfony\\Component\\Console\\Application->run()
#35 /home/fabrica/Documents/app_complementariaBack/vendor/laravel/framework/src/Illuminate/Foundation/Application.php(1203): Illuminate\\Foundation\\Console\\Kernel->handle()
#36 /home/fabrica/Documents/app_complementariaBack/artisan(13): Illuminate\\Foundation\\Application->handleCommand()
#37 {main}
"} 
